==38858== Memcheck, a memory error detector
==38858== Copyright (C) 2002-2015, and GNU GPL'd, by Julian Seward et al.
==38858== Using Valgrind-3.11.0 and LibVEX; rerun with -h for copyright info
==38858== Command: ./bounds
==38858== Parent PID: 38816
==38858== 
==38858== Invalid write of size 4
==38858==    at 0x400546: main (bounds.c:5)
==38858==  Address 0x52031d0 is 0 bytes after a block of size 400 alloc'd
==38858==    at 0x4C2DB8F: malloc (in /usr/lib/valgrind/vgpreload_memcheck-amd64-linux.so)
==38858==    by 0x400537: main (bounds.c:4)
==38858== 
==38858== 
==38858== HEAP SUMMARY:
==38858==     in use at exit: 400 bytes in 1 blocks
==38858==   total heap usage: 1 allocs, 0 frees, 400 bytes allocated
==38858== 
==38858== 400 bytes in 1 blocks are definitely lost in loss record 1 of 1
==38858==    at 0x4C2DB8F: malloc (in /usr/lib/valgrind/vgpreload_memcheck-amd64-linux.so)
==38858==    by 0x400537: main (bounds.c:4)
==38858== 
==38858== LEAK SUMMARY:
==38858==    definitely lost: 400 bytes in 1 blocks
==38858==    indirectly lost: 0 bytes in 0 blocks
==38858==      possibly lost: 0 bytes in 0 blocks
==38858==    still reachable: 0 bytes in 0 blocks
==38858==         suppressed: 0 bytes in 0 blocks
==38858== 
==38858== For counts of detected and suppressed errors, rerun with: -v
==38858== ERROR SUMMARY: 2 errors from 2 contexts (suppressed: 0 from 0)
