==38867== Memcheck, a memory error detector
==38867== Copyright (C) 2002-2015, and GNU GPL'd, by Julian Seward et al.
==38867== Using Valgrind-3.11.0 and LibVEX; rerun with -h for copyright info
==38867== Command: ./datagone
==38867== Parent PID: 38816
==38867== 
==38867== Invalid read of size 4
==38867==    at 0x4005E2: main (datagone.c:7)
==38867==  Address 0x5203108 is 200 bytes inside a block of size 400 free'd
==38867==    at 0x4C2EDEB: free (in /usr/lib/valgrind/vgpreload_memcheck-amd64-linux.so)
==38867==    by 0x4005D7: main (datagone.c:6)
==38867==  Block was alloc'd at
==38867==    at 0x4C2DB8F: malloc (in /usr/lib/valgrind/vgpreload_memcheck-amd64-linux.so)
==38867==    by 0x4005C7: main (datagone.c:5)
==38867== 
==38867== 
==38867== HEAP SUMMARY:
==38867==     in use at exit: 0 bytes in 0 blocks
==38867==   total heap usage: 2 allocs, 2 frees, 1,424 bytes allocated
==38867== 
==38867== All heap blocks were freed -- no leaks are possible
==38867== 
==38867== For counts of detected and suppressed errors, rerun with: -v
==38867== ERROR SUMMARY: 1 errors from 1 contexts (suppressed: 0 from 0)
