==38849== Memcheck, a memory error detector
==38849== Copyright (C) 2002-2015, and GNU GPL'd, by Julian Seward et al.
==38849== Using Valgrind-3.11.0 and LibVEX; rerun with -h for copyright info
==38849== Command: ./nofree
==38849== Parent PID: 38816
==38849== 
==38849== 
==38849== HEAP SUMMARY:
==38849==     in use at exit: 1,024 bytes in 1 blocks
==38849==   total heap usage: 1 allocs, 0 frees, 1,024 bytes allocated
==38849== 
==38849== 1,024 bytes in 1 blocks are definitely lost in loss record 1 of 1
==38849==    at 0x4C2DB8F: malloc (in /usr/lib/valgrind/vgpreload_memcheck-amd64-linux.so)
==38849==    by 0x400537: main (nofree.c:4)
==38849== 
==38849== LEAK SUMMARY:
==38849==    definitely lost: 1,024 bytes in 1 blocks
==38849==    indirectly lost: 0 bytes in 0 blocks
==38849==      possibly lost: 0 bytes in 0 blocks
==38849==    still reachable: 0 bytes in 0 blocks
==38849==         suppressed: 0 bytes in 0 blocks
==38849== 
==38849== For counts of detected and suppressed errors, rerun with: -v
==38849== ERROR SUMMARY: 1 errors from 1 contexts (suppressed: 0 from 0)
