==38823== Memcheck, a memory error detector
==38823== Copyright (C) 2002-2015, and GNU GPL'd, by Julian Seward et al.
==38823== Using Valgrind-3.11.0 and LibVEX; rerun with -h for copyright info
==38823== Command: ./null
==38823== Parent PID: 38816
==38823== 
==38823== Invalid write of size 4
==38823==    at 0x4004E6: main (null.c:5)
==38823==  Address 0x0 is not stack'd, malloc'd or (recently) free'd
==38823== 
==38823== 
==38823== Process terminating with default action of signal 11 (SIGSEGV)
==38823==  Access not within mapped region at address 0x0
==38823==    at 0x4004E6: main (null.c:5)
==38823==  If you believe this happened as a result of a stack
==38823==  overflow in your program's main thread (unlikely but
==38823==  possible), you can try to increase the size of the
==38823==  main thread stack using the --main-stacksize= flag.
==38823==  The main thread stack size used in this run was 8388608.
==38823== 
==38823== HEAP SUMMARY:
==38823==     in use at exit: 0 bytes in 0 blocks
==38823==   total heap usage: 0 allocs, 0 frees, 0 bytes allocated
==38823== 
==38823== All heap blocks were freed -- no leaks are possible
==38823== 
==38823== For counts of detected and suppressed errors, rerun with: -v
==38823== ERROR SUMMARY: 1 errors from 1 contexts (suppressed: 0 from 0)
